20230629 22:35:06 Not Modified   57ab0f4b-3e6e-4226-983b-c43e91f6992d  GET   http://localhost:3000   
20230629 22:36:51 Not Modified   676113d1-5341-4d36-bfb7-a57e8e68c433  GET   http://localhost:3000   
20230629 22:43:44 Not Modified   72fcb761-045b-4fdd-90ab-a1de146163ff  GET   http://localhost:3000   
20230629 22:44:08 Not Found   8021cb4e-976f-447a-a78f-05c9da47aa0f  GET   http://localhost:3000   
20230629 22:45:49 Not Found   7bd43cae-d746-4042-9238-15ab78a94d6e  GET   http://localhost:3000   
20230629 22:46:04 Not Modified   1047280b-0d3c-43d3-a82f-60eef8e5c6e2  GET   http://localhost:3000   
20230629 22:47:24 Not Modified   ac77741b-910e-43e4-9284-3475c54eeefa  GET   http://localhost:3000   
20230629 22:47:34 Not Found   d3e4caf1-8e00-4cf7-9498-1cfab62cb439  GET   http://localhost:3000   
20230703 14:23:03 Not Found   67868ea7-9417-4b91-b49d-b7db00355e54  GET   http://localhost:3000   
20230703 14:23:18 Not Modified   ac99d254-45ef-42f0-a184-19a7ecd5d412  GET   http://localhost:3000   
20230703 14:23:36 Not Modified   bcc7da75-1612-469a-a859-ec8c21b7b170  GET   http://localhost:3000   
20230703 14:32:05 Not Modified   undefined  GET   http://localhost:undefined   
20230703 14:32:45 Not Found   undefined  GET   http://localhost:undefined   
20230703 14:33:33 Not Found   undefined  GET   http://localhost:undefined   
20230703 14:36:00 Not Found   undefined  GET   http://localhost:undefined   
20230703 14:37:14 Not Found   undefined  GET   http://localhost:undefined   
20230703 14:39:21 Not Found   undefined  GET   http://localhost:undefined   
20230703 14:39:22 Not Found   undefined  GET   http://localhost:undefined   
20230703 14:43:01 Not Found   undefined  GET   http://localhost:undefined   
20230714 23:44:19 Not Found   undefined  GET   http://localhost:undefined   
20230714 23:46:18 Not Found   undefined  GET   http://localhost:undefined   
20230714 23:47:28 Not Found   undefined  GET   http://localhost:3000   
20230714 23:48:14 Not Found   undefined  GET   http://localhost:3000   
20230714 23:48:35 Not Found   undefined  GET   http://localhost:3000   
20230714 23:48:48 Not Found   undefined  GET   http://localhost:3000   
20230714 23:52:31 Not Found   undefined  GET   http://localhost:3000   
20230714 23:52:46 Not Found   undefined  GET   http://localhost:3000   
20230714 23:53:39 Not Found   undefined  GET   http://localhost:3000   
20230714 23:55:23 Not Found   undefined  GET   http://localhost:3000   
20230714 23:58:37 Not Found   undefined  GET   http://localhost:3000   
20230715 00:04:58 Not Found   undefined  GET   http://localhost:3000   
20230715 00:05:22 Not Found   undefined  GET   http://localhost:3000   
20230715 00:05:32 Not Found   undefined  GET   http://localhost:3000   
20230715 00:05:50 Not Found   undefined  GET   http://localhost:3000   
20230715 00:06:06 Not Found   undefined  GET   http://localhost:3000   
20230715 00:06:20 Not Found   undefined  GET   http://localhost:3000   
20230715 00:06:42 Not Found   undefined  GET   http://localhost:3000   
20230715 00:08:28 Not Found   undefined  GET   http://localhost:3000   
20230715 00:08:31 Not Found   undefined  GET   http://localhost:3000   
20230715 00:10:23 Not Found   undefined  GET   http://localhost:3000   
20230715 00:10:40 Not Found   undefined  GET   http://localhost:3000   
20230715 00:13:54 Not Found   undefined  GET   http://localhost:3000   
20230715 00:15:39 Not Found   undefined  GET   http://localhost:3000   
20230715 00:16:15 Not Found   undefined  GET   http://localhost:3000   
20230715 00:16:59 Not Found   undefined  GET   http://localhost:3000   
20230716 16:58:00 Not Found   undefined  POST   http://localhost:3000   
20230716 16:58:12 Not Found   undefined  POST   http://localhost:3000   
20230716 16:58:42 Not Found   undefined  POST   http://localhost:3000   
20230716 16:59:12 Not Found   undefined  POST   http://localhost:3000   
20230716 16:59:21 Not Found   undefined  POST   http://localhost:3000   
20230716 16:59:24 Not Found   undefined  POST   http://localhost:3000   
20230716 17:21:45 Not Found   undefined  POST   http://localhost:3000   
20230716 17:22:00 Not Found   undefined  POST   http://localhost:3000   
20230716 21:04:29 Not Found   undefined  POST   http://localhost:3000   
20230716 21:37:28 Not Found   undefined  GET   http://localhost:3000   
20230716 21:37:29 Not Found   undefined  GET   http://localhost:3000   
20230716 21:37:39 Not Found   undefined  GET   http://localhost:3000   
20230718 19:17:30 Not Found   undefined  GET   http://localhost:3000   
20230718 19:17:32 Not Found   undefined  GET   http://localhost:3000   
20230721 13:22:27 Not Found   undefined  POST   http://localhost:3000   
20230721 13:55:20 Not Found   undefined  GET   http://localhost:3000   
20230721 13:55:22 Not Found   undefined  POST   http://localhost:3000   
20230721 16:10:00 Not Found   undefined  GET   http://localhost:3000   
20230721 16:10:01 Not Found   undefined  GET   http://localhost:3000   
20230721 19:13:05 Not Found   undefined  GET   http://localhost:3000   
20230721 19:13:06 Not Found   undefined  GET   http://localhost:3000   
20230721 21:07:51 Not Found   undefined  GET   http://localhost:3000   
20230721 21:30:34 Not Found   undefined  GET   http://localhost:3000   
20230721 21:44:27 Not Found   undefined  POST   http://localhost:3000   
20230721 21:44:39 Not Found   undefined  POST   http://localhost:3000   
20230721 21:44:48 Not Found   undefined  GET   http://localhost:3000   
20230721 21:45:00 Not Found   undefined  POST   http://localhost:3000   
20230721 21:54:10 Not Found   undefined  POST   http://localhost:3000   
20230721 21:54:23 Not Found   undefined  POST   http://localhost:3000   
20230721 21:57:28 Not Found   undefined  POST   http://localhost:3000   
20230721 22:07:02 Not Found   undefined  GET   http://localhost:3000   
20230721 22:07:11 Not Found   undefined  GET   http://localhost:3000   
20230721 22:08:46 Not Found   undefined  GET   http://localhost:3000   
20230721 22:09:04 Not Found   undefined  GET   http://localhost:3000   
20230721 22:29:56 Not Found   undefined  GET   http://localhost:3000   
20230721 22:30:13 Not Found   undefined  GET   http://localhost:3000   
20230721 22:30:57 Not Found   undefined  GET   http://localhost:3000   
20230721 22:31:03 Not Found   undefined  GET   http://localhost:3000   
20230721 22:34:08 Not Found   undefined  GET   http://localhost:3000   
20230721 22:34:15 Not Found   undefined  GET   http://localhost:3000   
20230721 22:37:49 Not Found   undefined  GET   http://localhost:3000   
20230721 22:38:23 Not Found   undefined  GET   http://localhost:3000   
20230721 22:40:07 Not Found   undefined  GET   http://localhost:3000   
20230721 22:40:22 Not Found   undefined  GET   http://localhost:3000   
20230721 22:42:16 Not Found   undefined  GET   http://localhost:3000   
20230721 22:43:19 Not Found   undefined  GET   http://localhost:3000   
20230721 22:43:43 Not Found   undefined  GET   http://localhost:3000   
20230721 22:43:57 Not Found   undefined  GET   http://localhost:3000   
20230721 22:45:19 Not Found   undefined  GET   http://localhost:3000   
20230721 22:52:00 Not Found   undefined  GET   http://localhost:3000   
20230721 22:54:09 Not Found   undefined  GET   http://localhost:3000   
20230721 22:54:33 Not Found   undefined  GET   http://localhost:3000   
20230721 22:54:59 Not Found   undefined  GET   http://localhost:3000   
20230721 22:55:11 Not Found   undefined  GET   http://localhost:3000   
20230721 22:56:20 Not Found   undefined  GET   http://localhost:3000   
20230721 22:57:06 Not Found   undefined  GET   http://localhost:3000   
20230721 23:01:31 Not Found   undefined  GET   http://localhost:3000   
20230721 23:01:44 Not Found   undefined  GET   http://localhost:3000   
20230721 23:01:52 Not Found   undefined  GET   http://localhost:3000   
20230721 23:07:10 Not Found   undefined  GET   http://localhost:3000   
20230721 23:07:15 Not Found   undefined  GET   http://localhost:3000   
20230721 23:08:47 Not Found   undefined  GET   http://localhost:3000   
20230721 23:14:47 Not Found   undefined  GET   http://localhost:3000   
20230721 23:14:56 Not Found   undefined  GET   http://localhost:3000   
20230721 23:15:07 Not Found   undefined  GET   http://localhost:3000   
20230721 23:15:24 Not Found   undefined  GET   http://localhost:3000   
20230721 23:19:55 Not Found   undefined  GET   http://localhost:3000   
20230721 23:20:04 Not Found   undefined  GET   http://localhost:3000   
20230721 23:20:15 Not Found   undefined  GET   http://localhost:3000   
20230721 23:24:16 Not Found   undefined  GET   http://localhost:3000   
20230721 23:24:30 Not Found   undefined  GET   http://localhost:3000   
20230721 23:26:29 Not Found   undefined  GET   http://localhost:3000   
20230721 23:26:30 Not Found   undefined  GET   http://localhost:3000   
20230721 23:26:31 Not Found   undefined  GET   http://localhost:3000   
20230721 23:26:31 Not Found   undefined  GET   http://localhost:3000   
20230721 23:26:32 Not Found   undefined  GET   http://localhost:3000   
20230721 23:26:32 Not Found   undefined  GET   http://localhost:3000   
20230721 23:26:32 Not Found   undefined  GET   http://localhost:3000   
20230721 23:26:33 Not Found   undefined  GET   http://localhost:3000   
20230721 23:29:33 Not Found   undefined  GET   http://localhost:3000   
20230721 23:29:47 Not Found   undefined  GET   http://localhost:3000   
20230722 00:07:11 Not Found   undefined  GET   http://localhost:3000   
20230722 00:11:25 Not Found   undefined  GET   http://localhost:3000   
20230722 00:11:49 Not Found   undefined  GET   http://localhost:3000   
20230722 00:12:01 Not Found   undefined  GET   http://localhost:3000   
20230722 00:12:19 Not Found   undefined  GET   http://localhost:3000   
20230722 00:26:08 Not Found   undefined  GET   http://localhost:3000   
20230722 00:26:11 Not Found   undefined  GET   http://localhost:3000   
20230722 00:26:26 Not Found   undefined  GET   http://localhost:3000   
20230722 00:27:15 Not Found   undefined  GET   http://localhost:3000   
20230722 00:27:16 Not Found   undefined  GET   http://localhost:3000   
20230722 00:27:17 Not Found   undefined  GET   http://localhost:3000   
20230722 00:27:31 Not Found   undefined  GET   http://localhost:3000   
20230722 00:28:14 Not Found   undefined  GET   http://localhost:3000   
20230722 00:30:27 Not Found   undefined  GET   http://localhost:3000   
20230722 00:30:31 Not Found   undefined  GET   http://localhost:3000   
20230722 00:30:55 Not Found   undefined  GET   http://localhost:3000   
20230722 00:32:26 Not Found   undefined  GET   http://localhost:3000   
20230722 00:32:27 Not Found   undefined  GET   http://localhost:3000   
20230722 00:32:28 Not Found   undefined  GET   http://localhost:3000   
20230722 00:32:28 Not Found   undefined  GET   http://localhost:3000   
20230722 00:32:28 Not Found   undefined  GET   http://localhost:3000   
20230722 00:32:29 Not Found   undefined  GET   http://localhost:3000   
20230722 00:32:29 Not Found   undefined  GET   http://localhost:3000   
20230722 00:32:29 Not Found   undefined  GET   http://localhost:3000   
20230722 00:32:52 Not Found   undefined  GET   http://localhost:3000   
20230722 00:32:53 Not Found   undefined  GET   http://localhost:3000   
20230722 00:32:57 Not Found   undefined  GET   http://localhost:3000   
20230722 00:33:04 Not Found   undefined  GET   http://localhost:3000   
20230722 00:33:20 Not Found   undefined  GET   http://localhost:3000   
20230722 00:35:20 Not Found   undefined  GET   http://localhost:3000   
20230722 00:35:21 Not Found   undefined  GET   http://localhost:3000   
20230722 00:41:07 Not Found   undefined  GET   http://localhost:3000   
20230722 00:41:09 Not Found   undefined  GET   http://localhost:3000   
20230722 00:41:22 Not Found   undefined  GET   http://localhost:3000   
20230722 00:42:27 Not Found   undefined  GET   http://localhost:3000   
20230722 00:42:28 Not Found   undefined  GET   http://localhost:3000   
20230722 00:43:51 Not Found   undefined  GET   http://localhost:3000   
20230722 00:43:51 Not Found   undefined  GET   http://localhost:3000   
20230722 00:43:52 Not Found   undefined  GET   http://localhost:3000   
20230722 00:43:52 Not Found   undefined  GET   http://localhost:3000   
20230722 00:45:27 Not Found   undefined  GET   http://localhost:3000   
20230722 00:45:28 Not Found   undefined  GET   http://localhost:3000   
20230722 00:47:39 Not Found   undefined  GET   http://localhost:3000   
20230722 00:47:41 Not Found   undefined  GET   http://localhost:3000   
20230722 00:49:47 Not Found   undefined  GET   http://localhost:3000   
20230722 00:52:01 Not Found   undefined  GET   http://localhost:3000   
20230722 00:52:58 Not Found   undefined  GET   http://localhost:3000   
20230722 00:54:09 Not Found   undefined  GET   http://localhost:3000   
20230722 00:54:19 Not Found   undefined  GET   http://localhost:3000   
20230722 00:58:17 Not Found   undefined  GET   http://localhost:3000   
20230722 12:05:09 Not Found   undefined  GET   http://localhost:3000   
20230722 12:05:11 Not Found   undefined  GET   http://localhost:3000   
20230722 12:07:22 Not Found   undefined  GET   http://localhost:3000   
20230722 12:12:16 Not Found   undefined  GET   http://localhost:3000   
20230722 12:12:17 Not Found   undefined  GET   http://localhost:3000   
20230722 12:13:33 Not Found   undefined  GET   http://localhost:3000   
20230722 12:13:35 Not Found   undefined  GET   http://localhost:3000   
20230722 12:35:04 Not Found   undefined  GET   http://localhost:3000   
20230722 12:57:15 Not Found   undefined  GET   http://localhost:3000   
20230722 12:57:32 Not Found   undefined  GET   http://localhost:3000   
20230722 12:59:27 Not Found   undefined  GET   http://localhost:3000   
20230722 13:03:24 Not Found   undefined  GET   http://localhost:3000   
20230722 13:03:28 Not Found   undefined  GET   http://localhost:3000   
20230722 13:03:38 Not Found   undefined  GET   http://localhost:3000   
20230722 13:06:46 Not Found   undefined  GET   http://localhost:3000   
20230722 13:06:57 Not Found   undefined  GET   http://localhost:3000   
20230722 13:07:09 Not Found   undefined  GET   http://localhost:3000   
20230722 13:07:13 Not Found   undefined  GET   http://localhost:3000   
20230722 13:07:22 Not Found   undefined  GET   http://localhost:3000   
20230722 13:08:29 Not Found   undefined  GET   http://localhost:3000   
20230722 13:11:47 Not Found   undefined  GET   http://localhost:3000   
20230722 13:11:58 Not Found   undefined  GET   http://localhost:3000   
20230722 13:12:00 Not Found   undefined  GET   http://localhost:3000   
20230722 13:12:09 Not Found   undefined  GET   http://localhost:3000   
20230722 13:13:31 Not Found   undefined  GET   http://localhost:3000   
20230722 13:13:37 Not Found   undefined  GET   http://localhost:3000   
20230722 13:13:40 Not Found   undefined  GET   http://localhost:3000   
20230722 13:13:41 Not Found   undefined  GET   http://localhost:3000   
20230722 13:13:42 Not Found   undefined  GET   http://localhost:3000   
20230722 13:13:48 Not Found   undefined  GET   http://localhost:3000   
20230722 13:13:59 Not Found   undefined  GET   http://localhost:3000   
20230722 13:14:02 Not Found   undefined  GET   http://localhost:3000   
20230722 13:14:38 Not Found   undefined  GET   http://localhost:3000   
20230722 13:17:55 Not Found   undefined  GET   http://localhost:3000   
20230722 13:19:20 Not Found   undefined  GET   http://localhost:3000   
20230722 13:20:48 Not Found   undefined  GET   http://localhost:3000   
20230722 13:20:50 Not Found   undefined  GET   http://localhost:3000   
20230722 13:25:29 Not Found   undefined  GET   http://localhost:3000   
20230722 13:25:37 Not Found   undefined  GET   http://localhost:3000   
20230722 13:25:49 Not Found   undefined  GET   http://localhost:3000   
20230722 13:25:53 Not Found   undefined  GET   http://localhost:3000   
20230722 13:28:25 Not Found   undefined  GET   http://localhost:3000   
20230722 13:28:36 Not Found   undefined  GET   http://localhost:3000   
20230722 13:29:04 Not Found   undefined  GET   http://localhost:3000   
20230722 13:29:58 Not Found   undefined  GET   http://localhost:3000   
20230722 13:31:59 Not Found   undefined  GET   http://localhost:3000   
20230722 13:34:55 Not Found   undefined  GET   http://localhost:3000   
20230722 13:35:06 Not Found   64bab335e846a7370600dc83  GET   http://localhost:3000   
20230722 13:35:08 Not Found   64bab335e846a7370600dc83  GET   http://localhost:3000   
20230722 13:36:30 Not Found   64bab335e846a7370600dc83  GET   http://localhost:3000   
20230722 13:36:41 Not Found   64bab335e846a7370600dc83  GET   http://localhost:3000   
20230722 13:36:43 Not Found   64bab335e846a7370600dc83  GET   http://localhost:3000   
20230722 13:37:14 Not Found   64bab335e846a7370600dc83  GET   http://localhost:3000   
20230722 13:38:08 Not Found   64bab335e846a7370600dc83  GET   http://localhost:3000   
20230722 13:38:13 Not Found   64bab335e846a7370600dc83  GET   http://localhost:3000   
20230722 14:10:16 Not Found   64bab335e846a7370600dc83  GET   http://localhost:3000   
20230722 14:10:22 Not Found   64bab335e846a7370600dc83  GET   http://localhost:3000   
20230722 14:10:34 Not Found   64bab335e846a7370600dc83  GET   http://localhost:3000   
20230722 14:10:45 Not Found   64bab335e846a7370600dc83  GET   http://localhost:3000   
20230722 14:10:48 Not Found   64bab335e846a7370600dc83  GET   http://localhost:3000   
20230722 14:11:40 Not Found   64bab335e846a7370600dc83  GET   http://localhost:3000   
20230722 14:11:55 Not Found   64bab335e846a7370600dc83  GET   http://localhost:3000   
20230722 14:20:21 Not Found   64bab335e846a7370600dc83  GET   http://localhost:3000   
20230722 14:21:30 Not Found   64bab335e846a7370600dc83  GET   http://localhost:3000   
20230722 14:21:47 Not Found   64bab335e846a7370600dc83  GET   http://localhost:3000   
20230722 14:21:58 Not Found   64bab335e846a7370600dc83  GET   http://localhost:3000   
20230722 14:22:01 Not Found   64bab335e846a7370600dc83  GET   http://localhost:3000   
20230722 14:23:06 Not Found   64bab335e846a7370600dc83  GET   http://localhost:3000   
20230722 14:23:08 Not Found   64bab335e846a7370600dc83  GET   http://localhost:3000   
20230722 14:23:15 Not Found   64bab335e846a7370600dc83  GET   http://localhost:3000   
20230722 14:23:30 Not Found   64bab335e846a7370600dc83  GET   http://localhost:3000   
20230722 14:23:32 Not Found   64bab335e846a7370600dc83  GET   http://localhost:3000   
20230722 14:23:45 Not Found   64bab335e846a7370600dc83  GET   http://localhost:3000   
20230722 14:25:11 Not Found   64bab335e846a7370600dc83  GET   http://localhost:3000   
20230722 14:25:33 Not Found   64bab335e846a7370600dc83  GET   http://localhost:3000   
20230722 14:25:43 Not Found   64bab335e846a7370600dc83  GET   http://localhost:3000   
20230722 14:25:45 Not Found   64bab335e846a7370600dc83  GET   http://localhost:3000   
20230722 14:26:01 Not Found   64bab335e846a7370600dc83  GET   http://localhost:3000   
20230722 14:29:00 Not Found   64bab335e846a7370600dc83  GET   http://localhost:3000   
20230722 14:29:05 Not Found   64bab335e846a7370600dc83  GET   http://localhost:3000   
20230722 14:30:22 Not Found   64bab335e846a7370600dc83  GET   http://localhost:3000   
20230722 14:30:32 Not Found   64bab335e846a7370600dc83  GET   http://localhost:3000   
20230722 14:30:35 Not Found   64bab335e846a7370600dc83  GET   http://localhost:3000   
20230722 14:30:39 Not Found   64bab335e846a7370600dc83  GET   http://localhost:3000   
20230722 14:31:28 Not Found   64bab335e846a7370600dc83  GET   http://localhost:3000   
20230722 14:31:35 Not Found   64bab335e846a7370600dc83  GET   http://localhost:3000   
20230722 14:31:47 Not Found   64bab335e846a7370600dc83  GET   http://localhost:3000   
20230722 14:31:57 Not Found   64bab335e846a7370600dc83  GET   http://localhost:3000   
20230722 14:31:59 Not Found   64bab335e846a7370600dc83  GET   http://localhost:3000   
20230722 14:33:28 Not Found   64bab335e846a7370600dc83  GET   http://localhost:3000   
20230722 14:37:14 Not Found   64bab335e846a7370600dc83  GET   http://localhost:3000   
20230722 14:39:40 Not Found   64bab335e846a7370600dc83  GET   http://localhost:3000   
20230722 14:40:37 Not Found   64bab335e846a7370600dc83  GET   http://localhost:3000   
20230722 14:40:40 Not Found   64bab335e846a7370600dc83  GET   http://localhost:3000   
20230722 14:42:26 Not Found   64bab335e846a7370600dc83  GET   http://localhost:3000   
20230722 14:44:35 Not Found   64bab335e846a7370600dc83  GET   http://localhost:3000   
20230722 14:44:37 Not Found   64bab335e846a7370600dc83  GET   http://localhost:3000   
20230722 14:46:42 Not Found   64bab335e846a7370600dc83  GET   http://localhost:3000   
20230722 14:47:45 Not Found   64bab335e846a7370600dc83  GET   http://localhost:3000   
20230722 14:48:41 Not Found   64bab335e846a7370600dc83  GET   http://localhost:3000   
20230722 14:48:44 Not Found   64bab335e846a7370600dc83  GET   http://localhost:3000   
20230722 14:56:13 Not Found   64bab335e846a7370600dc83  GET   http://localhost:3000   
20230722 14:56:32 Not Found   64bab335e846a7370600dc83  GET   http://localhost:3000   
20230722 14:56:37 Not Found   64bab335e846a7370600dc83  GET   http://localhost:3000   
20230722 14:58:33 Not Found   64bab335e846a7370600dc83  GET   http://localhost:3000   
20230722 14:58:41 Not Found   64bab335e846a7370600dc83  GET   http://localhost:3000   
20230722 14:58:56 Not Found   64bab335e846a7370600dc83  GET   http://localhost:3000   
20230722 14:59:04 Not Found   64bab335e846a7370600dc83  GET   http://localhost:3000   
20230722 15:01:20 Not Found   64bab335e846a7370600dc83  GET   http://localhost:3000   
20230722 15:02:14 Not Found   64bab335e846a7370600dc83  GET   http://localhost:3000   
20230722 15:02:17 Not Found   64bab335e846a7370600dc83  GET   http://localhost:3000   
20230722 15:02:18 Not Found   64bab335e846a7370600dc83  GET   http://localhost:3000   
20230722 15:02:19 Not Found   64bab335e846a7370600dc83  GET   http://localhost:3000   
20230722 15:03:39 Not Found   64bab335e846a7370600dc83  GET   http://localhost:3000   
20230722 15:03:51 Not Found   64bab335e846a7370600dc83  GET   http://localhost:3000   
20230722 15:03:54 Not Found   64bab335e846a7370600dc83  GET   http://localhost:3000   
20230722 15:04:33 Not Found   64bab335e846a7370600dc83  GET   http://localhost:3000   
20230722 15:04:35 Not Found   64bab335e846a7370600dc83  GET   http://localhost:3000   
20230722 16:13:12 Not Found   64bab335e846a7370600dc83  GET   http://localhost:3000   
20230722 16:13:12 Not Found   64bab335e846a7370600dc83  GET   http://localhost:3000   
20230722 16:13:24 Not Found   64bab335e846a7370600dc83  GET   http://localhost:3000   
20230722 16:13:39 Not Found   64bab335e846a7370600dc83  GET   http://localhost:3000   
20230722 16:13:46 Not Found   64bab335e846a7370600dc83  GET   http://localhost:3000   
20230722 16:13:56 Not Found   64bab335e846a7370600dc83  GET   http://localhost:3000   
20230722 16:14:04 Not Found   64bab335e846a7370600dc83  GET   http://localhost:3000   
20230722 16:20:19 Not Found   64bab335e846a7370600dc83  GET   http://localhost:3000   
20230722 16:20:21 Not Found   64bab335e846a7370600dc83  GET   http://localhost:3000   
20230722 16:20:22 Not Found   64bab335e846a7370600dc83  GET   http://localhost:3000   
20230722 16:32:46 Not Found   64bab335e846a7370600dc83  GET   http://localhost:3000   
20230722 16:32:49 Not Found   64bab335e846a7370600dc83  GET   http://localhost:3000   
20230722 16:32:55 Not Found   64bab335e846a7370600dc83  GET   http://localhost:3000   
20230722 16:33:01 Not Found   64bab335e846a7370600dc83  GET   http://localhost:3000   
20230722 16:33:19 Not Found   64bab335e846a7370600dc83  GET   http://localhost:3000   
20230722 16:43:23 Not Found   64bab335e846a7370600dc83  GET   http://localhost:3000   
20230722 16:44:26 Not Found   64bab335e846a7370600dc83  GET   http://localhost:3000   
20230722 16:52:17 Not Found   64bab335e846a7370600dc83  GET   http://localhost:3000   
20230722 17:10:16 Not Found   64bc0d11d321f622bf0cbfc7  GET   http://localhost:3000   
20230722 17:10:19 Not Found   64bc0d11d321f622bf0cbfc7  GET   http://localhost:3000   
20230722 17:10:26 Not Found   64bc0d11d321f622bf0cbfc7  GET   http://localhost:3000   
20230722 17:10:31 Not Found   64bc0d11d321f622bf0cbfc7  GET   http://localhost:3000   
20230722 17:10:35 Not Found   64bc0d11d321f622bf0cbfc7  GET   http://localhost:3000   
20230722 17:20:27 Not Found   64bc0d11d321f622bf0cbfc7  GET   http://localhost:3000   
20230722 17:22:42 Not Found   64bc0d11d321f622bf0cbfc7  GET   http://localhost:3000   
20230722 17:22:59 Not Found   64bc0d11d321f622bf0cbfc7  GET   http://localhost:3000   
20230722 17:24:52 Not Found   64bc0d11d321f622bf0cbfc7  GET   http://localhost:3000   
20230722 17:25:06 Not Found   64bc0d11d321f622bf0cbfc7  GET   http://localhost:3000   
20230722 17:30:17 Not Found   64bc0d11d321f622bf0cbfc7  GET   http://localhost:3000   
20230722 17:32:02 Not Found   64bc0d11d321f622bf0cbfc7  GET   http://localhost:3000   
20230722 17:32:16 Not Found   64bc0d11d321f622bf0cbfc7  GET   http://localhost:3000   
20230722 17:37:02 Not Found   64bc0d11d321f622bf0cbfc7  GET   http://localhost:3000   
20230722 17:38:10 Not Found   64bc0d11d321f622bf0cbfc7  GET   http://localhost:3000   
20230722 17:38:25 Not Found   64bc0d11d321f622bf0cbfc7  GET   http://localhost:3000   
20230722 17:41:35 Not Found   64bc0d11d321f622bf0cbfc7  GET   http://localhost:3000   
20230722 17:42:42 Not Found   64bc0d11d321f622bf0cbfc7  GET   http://localhost:3000   
20230722 17:44:34 Not Found   64bc0d11d321f622bf0cbfc7  GET   http://localhost:3000   
20230722 17:44:45 Not Found   64bc0d11d321f622bf0cbfc7  GET   http://localhost:3000   
20230722 17:44:58 Not Found   64bc0d11d321f622bf0cbfc7  GET   http://localhost:3000   
20230722 17:45:01 Not Found   64bc0d11d321f622bf0cbfc7  GET   http://localhost:3000   
20230722 17:45:34 Not Found   64bc0d11d321f622bf0cbfc7  GET   http://localhost:3000   
20230722 17:45:36 Not Found   64bc0d11d321f622bf0cbfc7  GET   http://localhost:3000   
20230722 17:45:40 Not Found   64bc0d11d321f622bf0cbfc7  GET   http://localhost:3000   
20230722 17:45:40 Not Found   64bc0d11d321f622bf0cbfc7  GET   http://localhost:3000   
20230722 17:45:41 Not Found   64bc0d11d321f622bf0cbfc7  GET   http://localhost:3000   
20230722 17:45:41 Not Found   64bc0d11d321f622bf0cbfc7  GET   http://localhost:3000   
20230722 17:45:41 Not Found   64bc0d11d321f622bf0cbfc7  GET   http://localhost:3000   
20230722 17:45:42 Not Found   64bc0d11d321f622bf0cbfc7  GET   http://localhost:3000   
20230722 17:45:43 Not Found   64bc0d11d321f622bf0cbfc7  GET   http://localhost:3000   
20230722 17:45:43 Not Found   64bc0d11d321f622bf0cbfc7  GET   http://localhost:3000   
20230722 17:45:43 Not Found   64bc0d11d321f622bf0cbfc7  GET   http://localhost:3000   
20230722 17:45:44 Not Found   64bc0d11d321f622bf0cbfc7  GET   http://localhost:3000   
20230722 17:45:44 Not Found   64bc0d11d321f622bf0cbfc7  GET   http://localhost:3000   
20230722 17:48:49 Not Found   64bc0d11d321f622bf0cbfc7  GET   http://localhost:3000   
20230722 17:49:03 Not Found   64bc0d11d321f622bf0cbfc7  GET   http://localhost:3000   
20230722 18:16:51 Not Found   64bc0d11d321f622bf0cbfc7  GET   http://localhost:3000   
20230722 18:16:54 Not Found   64bc0d11d321f622bf0cbfc7  GET   http://localhost:3000   
20230722 18:16:57 Not Found   64bc0d11d321f622bf0cbfc7  GET   http://localhost:3000   
20230722 18:19:06 Not Found   64bc0d11d321f622bf0cbfc7  GET   http://localhost:3000   
20230722 18:19:07 Not Found   64bc0d11d321f622bf0cbfc7  GET   http://localhost:3000   
20230722 18:19:14 Not Found   64bc0d11d321f622bf0cbfc7  GET   http://localhost:3000   
20230722 18:21:15 Not Found   64bc0d11d321f622bf0cbfc7  GET   http://localhost:3000   
20230722 18:21:16 Not Found   64bc0d11d321f622bf0cbfc7  GET   http://localhost:3000   
20230722 18:21:29 Not Found   64bc0d11d321f622bf0cbfc7  GET   http://localhost:3000   
20230722 18:21:59 Not Found   64bc0d11d321f622bf0cbfc7  GET   http://localhost:3000   
20230722 18:22:02 Not Found   64bc0d11d321f622bf0cbfc7  GET   http://localhost:3000   
20230722 18:58:29 Not Found   64bc0d11d321f622bf0cbfc7  GET   http://localhost:3000   
20230722 18:58:33 Not Found   64bc0d11d321f622bf0cbfc7  GET   http://localhost:3000   
20230722 19:51:54 Not Found   64bc0d11d321f622bf0cbfc7  GET   http://localhost:3000   
20230722 19:52:05 Not Found   64bc0d11d321f622bf0cbfc7  GET   http://localhost:3000   
20230722 19:52:36 Not Found   64bc0d11d321f622bf0cbfc7  GET   http://localhost:3000   
20230722 19:56:43 Not Found   64bc0d11d321f622bf0cbfc7  GET   http://localhost:3000   
20230722 19:57:06 Not Found   64bc0d11d321f622bf0cbfc7  GET   http://localhost:3000   
20230722 20:05:30 Not Found   64bc0d11d321f622bf0cbfc7  GET   http://localhost:3000   
20230722 20:05:36 Not Found   64bc0d11d321f622bf0cbfc7  GET   http://localhost:3000   
20230722 20:13:35 Not Found   64bc0d11d321f622bf0cbfc7  GET   http://localhost:3000   
20230722 20:17:37 Not Found   64bc0d11d321f622bf0cbfc7  GET   http://localhost:3000   
20230722 20:30:37 Not Found   64bc0d11d321f622bf0cbfc7  GET   http://localhost:3000   
20230722 20:38:51 Not Found   64bc0d11d321f622bf0cbfc7  GET   http://localhost:3000   
20230722 20:39:12 Not Found   64bc0d11d321f622bf0cbfc7  GET   http://localhost:3000   
20230722 20:39:32 Not Found   64bc0d11d321f622bf0cbfc7  GET   http://localhost:3000   
20230722 20:40:59 Not Found   64bc0d11d321f622bf0cbfc7  GET   http://localhost:3000   
20230722 21:05:31 Not Found   64bab335e846a7370600dc83  GET   http://localhost:3000   
20230722 21:05:40 Not Found   64bab335e846a7370600dc83  GET   http://localhost:3000   
20230722 21:08:17 Not Found   64bab335e846a7370600dc83  GET   http://localhost:3000   
20230722 21:13:54 Not Found   64bab335e846a7370600dc83  GET   http://localhost:3000   
20230722 21:14:17 Not Found   64bab335e846a7370600dc83  GET   http://localhost:3000   
20230722 21:14:17 Not Found   64bab335e846a7370600dc83  GET   http://localhost:3000   
20230722 21:14:20 Not Found   64bab335e846a7370600dc83  GET   http://localhost:3000   
20230722 21:14:21 Not Found   64bab335e846a7370600dc83  GET   http://localhost:3000   
20230722 21:14:55 Not Found   64bab335e846a7370600dc83  GET   http://localhost:3000   
20230722 21:14:55 Not Found   64bab335e846a7370600dc83  GET   http://localhost:3000   
20230722 21:20:51 Not Found   64bab335e846a7370600dc83  GET   http://localhost:3000   
20230722 21:23:36 Not Found   64bab335e846a7370600dc83  GET   http://localhost:3000   
20230722 21:23:37 Not Found   64bab335e846a7370600dc83  GET   http://localhost:3000   
20230722 21:23:57 Not Found   64bab335e846a7370600dc83  GET   http://localhost:3000   
20230722 21:23:57 Not Found   64bab335e846a7370600dc83  GET   http://localhost:3000   
20230722 21:24:27 Not Found   64bab335e846a7370600dc83  GET   http://localhost:3000   
20230722 21:24:27 Not Found   64bab335e846a7370600dc83  GET   http://localhost:3000   
20230722 21:26:00 Not Found   64bab335e846a7370600dc83  GET   http://localhost:3000   
20230722 21:26:00 Not Found   64bab335e846a7370600dc83  GET   http://localhost:3000   
20230722 21:26:14 Not Found   64bab335e846a7370600dc83  GET   http://localhost:3000   
20230722 21:26:33 Not Found   64bab335e846a7370600dc83  GET   http://localhost:3000   
20230722 21:26:33 Not Found   64bab335e846a7370600dc83  GET   http://localhost:3000   
20230722 21:27:17 Not Found   64bab335e846a7370600dc83  GET   http://localhost:3000   
20230722 21:27:18 Not Found   64bab335e846a7370600dc83  GET   http://localhost:3000   
20230722 21:29:22 Not Found   64bab335e846a7370600dc83  GET   http://localhost:3000   
20230722 21:29:22 Not Found   64bab335e846a7370600dc83  GET   http://localhost:3000   
20230722 21:31:04 Not Found   64bab335e846a7370600dc83  GET   http://localhost:3000   
20230722 21:31:04 Not Found   64bab335e846a7370600dc83  GET   http://localhost:3000   
20230722 21:31:48 Not Found   64bab335e846a7370600dc83  GET   http://localhost:3000   
20230722 21:31:48 Not Found   64bab335e846a7370600dc83  GET   http://localhost:3000   
20230722 21:32:12 Not Found   64bab335e846a7370600dc83  GET   http://localhost:3000   
20230722 21:32:12 Not Found   64bab335e846a7370600dc83  GET   http://localhost:3000   
20230722 21:32:23 Not Found   64bab335e846a7370600dc83  GET   http://localhost:3000   
20230722 21:32:43 Not Found   64bab335e846a7370600dc83  GET   http://localhost:3000   
20230722 21:32:43 Not Found   64bab335e846a7370600dc83  GET   http://localhost:3000   
20230722 21:33:00 Not Found   64bab335e846a7370600dc83  GET   http://localhost:3000   
20230722 21:33:51 Not Found   64bab335e846a7370600dc83  GET   http://localhost:3000   
20230722 21:33:54 Not Found   64bab335e846a7370600dc83  GET   http://localhost:3000   
20230722 21:35:07 Not Found   64bab335e846a7370600dc83  GET   http://localhost:3000   
20230722 21:35:07 Not Found   64bab335e846a7370600dc83  GET   http://localhost:3000   
20230722 21:36:04 Not Found   64bab335e846a7370600dc83  GET   http://localhost:3000   
20230722 21:36:04 Not Found   64bab335e846a7370600dc83  GET   http://localhost:3000   
20230722 21:36:15 Not Found   64bab335e846a7370600dc83  GET   http://localhost:3000   
20230722 21:44:32 Not Found   64bab335e846a7370600dc83  GET   http://localhost:3000   
20230722 21:45:40 Not Found   64bab335e846a7370600dc83  GET   http://localhost:3000   
20230722 21:50:16 Not Found   64bab335e846a7370600dc83  GET   http://localhost:3000   
20230722 21:50:59 Not Found   64bab335e846a7370600dc83  GET   http://localhost:3000   
20230722 22:10:15 Not Found   64bab335e846a7370600dc83  GET   http://localhost:3000   
20230722 22:43:59 Not Found   64bab335e846a7370600dc83  GET   http://localhost:3000   
20230722 23:07:59 Not Found   64bc0d11d321f622bf0cbfc7  GET   http://localhost:3000   
20230722 23:07:59 Not Found   64bc0d11d321f622bf0cbfc7  GET   http://localhost:3000   
20230722 23:11:09 Not Found   64bc0d11d321f622bf0cbfc7  GET   http://localhost:3000   
20230722 23:11:10 Not Found   64bc0d11d321f622bf0cbfc7  GET   http://localhost:3000   
20230722 23:15:31 Not Found   64bc0d11d321f622bf0cbfc7  GET   http://localhost:3000   
20230722 23:15:31 Not Found   64bc0d11d321f622bf0cbfc7  GET   http://localhost:3000   
20230722 23:38:16 Not Found   64bc0d11d321f622bf0cbfc7  GET   http://localhost:3000   
20230722 23:38:56 Not Found   64bc0d11d321f622bf0cbfc7  GET   http://localhost:3000   
20230722 23:39:01 Not Found   64bc0d11d321f622bf0cbfc7  GET   http://localhost:3000   
20230722 23:39:39 Not Found   64bc0d11d321f622bf0cbfc7  GET   http://localhost:3000   
20230722 23:39:41 Not Found   64bc0d11d321f622bf0cbfc7  GET   http://localhost:3000   
20230722 23:39:44 Not Found   64bc0d11d321f622bf0cbfc7  GET   http://localhost:3000   
20230722 23:44:13 Not Found   64bc0d11d321f622bf0cbfc7  GET   http://localhost:3000   
20230722 23:44:40 Not Found   64bc0d11d321f622bf0cbfc7  GET   http://localhost:3000   
20230722 23:45:02 Not Found   64bc0d11d321f622bf0cbfc7  GET   http://localhost:3000   
20230722 23:45:40 Not Found   64bc0d11d321f622bf0cbfc7  GET   http://localhost:3000   
20230722 23:46:20 Not Found   64bc0d11d321f622bf0cbfc7  GET   http://localhost:3000   
20230722 23:46:21 Not Found   64bc0d11d321f622bf0cbfc7  GET   http://localhost:3000   
20230722 23:47:06 Not Found   64bc0d11d321f622bf0cbfc7  GET   http://localhost:3000   
20230722 23:48:01 Not Found   64bc0d11d321f622bf0cbfc7  GET   http://localhost:3000   
20230722 23:54:18 Not Found   64bc0d11d321f622bf0cbfc7  POST   http://localhost:3000   
20230722 23:54:18 Not Found   64bc0d11d321f622bf0cbfc7  GET   http://localhost:3000   
20230722 23:59:01 Not Found   64bc0d11d321f622bf0cbfc7  POST   http://localhost:3000   
20230722 23:59:01 Not Found   64bc0d11d321f622bf0cbfc7  GET   http://localhost:3000   
20230722 23:59:31 Not Found   64bc0d11d321f622bf0cbfc7  POST   http://localhost:3000   
20230722 23:59:31 Not Found   64bc0d11d321f622bf0cbfc7  GET   http://localhost:3000   
20230722 23:59:39 Not Found   64bc0d11d321f622bf0cbfc7  POST   http://localhost:3000   
20230722 23:59:39 Not Found   64bc0d11d321f622bf0cbfc7  GET   http://localhost:3000   
20230723 00:00:52 Not Found   64bc0d11d321f622bf0cbfc7  POST   http://localhost:3000   
20230723 00:00:52 Not Found   64bc0d11d321f622bf0cbfc7  GET   http://localhost:3000   
20230723 00:01:19 Not Found   64bc0d11d321f622bf0cbfc7  POST   http://localhost:3000   
20230723 00:01:19 Not Found   64bc0d11d321f622bf0cbfc7  GET   http://localhost:3000   
20230723 00:01:52 Not Found   64bc0d11d321f622bf0cbfc7  POST   http://localhost:3000   
20230723 00:01:52 Not Found   64bc0d11d321f622bf0cbfc7  GET   http://localhost:3000   
20230723 00:05:26 Not Found   64bc0d11d321f622bf0cbfc7  POST   http://localhost:3000   
20230723 00:05:26 Not Found   64bc0d11d321f622bf0cbfc7  GET   http://localhost:3000   
20230723 00:09:20 Not Found   64bc0d11d321f622bf0cbfc7  POST   http://localhost:3000   
20230723 00:09:20 Not Found   64bc0d11d321f622bf0cbfc7  GET   http://localhost:3000   
20230723 00:10:07 Not Found   64bc0d11d321f622bf0cbfc7  POST   http://localhost:3000   
20230723 00:10:07 Not Found   64bc0d11d321f622bf0cbfc7  GET   http://localhost:3000   
20230723 00:10:12 Not Found   64bc0d11d321f622bf0cbfc7  POST   http://localhost:3000   
20230723 00:10:12 Not Found   64bc0d11d321f622bf0cbfc7  GET   http://localhost:3000   
20230723 00:12:45 Not Found   64bc0d11d321f622bf0cbfc7  POST   http://localhost:3000   
20230723 00:12:45 Not Found   64bc0d11d321f622bf0cbfc7  GET   http://localhost:3000   
20230723 00:13:11 Not Found   64bc0d11d321f622bf0cbfc7  POST   http://localhost:3000   
20230723 00:13:11 Not Found   64bc0d11d321f622bf0cbfc7  GET   http://localhost:3000   
20230723 00:15:17 Not Found   64bc0d11d321f622bf0cbfc7  POST   http://localhost:3000   
20230723 00:15:18 Not Found   64bc0d11d321f622bf0cbfc7  GET   http://localhost:3000   
20230723 00:15:47 Not Found   64bc0d11d321f622bf0cbfc7  POST   http://localhost:3000   
20230723 00:15:47 Not Found   64bc0d11d321f622bf0cbfc7  GET   http://localhost:3000   
20230723 00:16:15 Not Found   64bc0d11d321f622bf0cbfc7  POST   http://localhost:3000   
20230723 00:16:15 Not Found   64bc0d11d321f622bf0cbfc7  GET   http://localhost:3000   
20230723 00:16:37 Not Found   64bc0d11d321f622bf0cbfc7  POST   http://localhost:3000   
20230723 00:16:37 Not Found   64bc0d11d321f622bf0cbfc7  GET   http://localhost:3000   
20230723 00:17:32 Not Found   64bc0d11d321f622bf0cbfc7  GET   http://localhost:3000   
20230723 00:17:55 Not Found   64bc0d11d321f622bf0cbfc7  POST   http://localhost:3000   
20230723 00:17:55 Not Found   64bc0d11d321f622bf0cbfc7  GET   http://localhost:3000   
20230723 00:19:00 Not Found   64bc0d11d321f622bf0cbfc7  POST   http://localhost:3000   
20230723 00:19:00 Not Found   64bc0d11d321f622bf0cbfc7  GET   http://localhost:3000   
20230723 00:21:02 Not Found   64bc0d11d321f622bf0cbfc7  POST   http://localhost:3000   
20230723 00:21:02 Not Found   64bc0d11d321f622bf0cbfc7  GET   http://localhost:3000   
20230723 00:21:12 Not Found   64bc0d11d321f622bf0cbfc7  POST   http://localhost:3000   
20230723 00:21:12 Not Found   64bc0d11d321f622bf0cbfc7  GET   http://localhost:3000   
20230723 00:21:40 Not Found   64bc0d11d321f622bf0cbfc7  POST   http://localhost:3000   
20230723 00:21:40 Not Found   64bc0d11d321f622bf0cbfc7  GET   http://localhost:3000   
20230723 00:23:17 Not Found   64bc0d11d321f622bf0cbfc7  POST   http://localhost:3000   
20230723 00:23:18 Not Found   64bc0d11d321f622bf0cbfc7  GET   http://localhost:3000   
